18:54:25 **** Incremental Build of configuration Nios II for project alarm_code ****
make all 
Info: Building ../alarm_code_bsp/
make --no-print-directory -C ../alarm_code_bsp/
[BSP build complete]
Info: Compiling hello_world_small.c to obj/default/hello_world_small.o
nios2-elf-gcc -xc -MP -MMD -c -I../alarm_code_bsp//HAL/inc -I../alarm_code_bsp/ -I../alarm_code_bsp//drivers/inc  -pipe -D__hal__ -DALT_NO_C_PLUS_PLUS -DALT_NO_CLEAN_EXIT -D'exit(a)=_exit(a)' -DALT_NO_EXIT -DALT_USE_DIRECT_DRIVERS -DALT_NO_INSTRUCTION_EMULATION -DALT_USE_SMALL_DRIVERS -DSMALL_C_LIB -DALT_SINGLE_THREADED    -Os -g -Wall   -mno-hw-div -mno-hw-mul -mno-hw-mulx -mgpopt=global  -o obj/default/hello_world_small.o hello_world_small.c
hello_world_small.c: In function 'timer_isr':
hello_world_small.c:110:10: warning: implicit declaration of function 'num_to_seven_seg' [-Wimplicit-function-declaration]
  *hex0 = num_to_seven_seg(++num0);
          ^
hello_world_small.c:106:9: warning: unused variable 'time_base' [-Wunused-variable]
  char * time_base = 0x0;
         ^
hello_world_small.c: At top level:
hello_world_small.c:113:6: error: conflicting types for 'num_to_seven_seg'
 char num_to_seven_seg(int num) {
      ^
hello_world_small.c:110:10: note: previous implicit declaration of 'num_to_seven_seg' was here
Makefile:775: recipe for target 'obj/default/hello_world_small.o' failed
  *hex0 = num_to_seven_seg(++num0);
          ^
hello_world_small.c: In function 'main':
hello_world_small.c:136:3: warning: implicit declaration of function 'alt_ic_isr_register' [-Wimplicit-function-declaration]
   alt_ic_isr_register (TIMER_0_IRQ_INTERRUPT_CONTROLLER_ID, TIMER_0_IRQ, timer_isr, 0,0);
   ^
make: *** [obj/default/hello_world_small.o] Error 1
18:55:29 **** Incremental Build of configuration Nios II for project alarm_code ****
make all 
Info: Building ../alarm_code_bsp/
make --no-print-directory -C ../alarm_code_bsp/
[BSP build complete]
Info: Compiling hello_world_small.c to obj/default/hello_world_small.o
nios2-elf-gcc -xc -MP -MMD -c -I../alarm_code_bsp//HAL/inc -I../alarm_code_bsp/ -I../alarm_code_bsp//drivers/inc  -pipe -D__hal__ -DALT_NO_C_PLUS_PLUS -DALT_NO_CLEAN_EXIT -D'exit(a)=_exit(a)' -DALT_NO_EXIT -DALT_USE_DIRECT_DRIVERS -DALT_NO_INSTRUCTION_EMULATION -DALT_USE_SMALL_DRIVERS -DSMALL_C_LIB -DALT_SINGLE_THREADED    -Os -g -Wall   -mno-hw-div -mno-hw-mul -mno-hw-mulx -mgpopt=global  -o obj/default/hello_world_small.o hello_world_small.c
hello_world_small.c: In function 'timer_isr':
hello_world_small.c:106:3: error: 'time_status' undeclared (first use in this function)
  *time_status = 0x0;
   ^
hello_world_small.c:106:3: note: each undeclared identifier is reported only once for each function it appears in
hello_world_small.c:110:10: warning: implicit declaration of function 'num_to_seven_seg' [-Wimplicit-function-declaration]
  *hex0 = num_to_seven_seg(++num0);
          ^
hello_world_small.c: At top level:
hello_world_small.c:113:6: error: conflicting types for 'num_to_seven_seg'
 char num_to_seven_seg(int num) {
      ^
Makefile:775: recipe for target 'obj/default/hello_world_small.o' failed
hello_world_small.c:110:10: note: previous implicit declaration of 'num_to_seven_seg' was here
  *hex0 = num_to_seven_seg(++num0);
          ^
hello_world_small.c: In function 'main':
hello_world_small.c:136:3: warning: implicit declaration of function 'alt_ic_isr_register' [-Wimplicit-function-declaration]
   alt_ic_isr_register (TIMER_0_IRQ_INTERRUPT_CONTROLLER_ID, TIMER_0_IRQ, timer_isr, 0,0);
   ^
make: *** [obj/default/hello_world_small.o] Error 1
18:55:48 **** Incremental Build of configuration Nios II for project alarm_code ****
make all 
Info: Building ../alarm_code_bsp/
make --no-print-directory -C ../alarm_code_bsp/
[BSP build complete]
Info: Compiling hello_world_small.c to obj/default/hello_world_small.o
nios2-elf-gcc -xc -MP -MMD -c -I../alarm_code_bsp//HAL/inc -I../alarm_code_bsp/ -I../alarm_code_bsp//drivers/inc  -pipe -D__hal__ -DALT_NO_C_PLUS_PLUS -DALT_NO_CLEAN_EXIT -D'exit(a)=_exit(a)' -DALT_NO_EXIT -DALT_USE_DIRECT_DRIVERS -DALT_NO_INSTRUCTION_EMULATION -DALT_USE_SMALL_DRIVERS -DSMALL_C_LIB -DALT_SINGLE_THREADED    -Os -g -Wall   -mno-hw-div -mno-hw-mul -mno-hw-mulx -mgpopt=global  -o obj/default/hello_world_small.o hello_world_small.c
hello_world_small.c: In function 'timer_isr':
hello_world_small.c:106:3: error: 'time_status' undeclared (first use in this function)
  *time_status = 0x0;
   ^
hello_world_small.c:106:3: note: each undeclared identifier is reported only once for each function it appears in
hello_world_small.c:110:10: warning: implicit declaration of function 'num_to_seven_seg' [-Wimplicit-function-declaration]
  *hex0 = num_to_seven_seg(++num0);
          ^
hello_world_small.c: At top level:
hello_world_small.c:113:6: error: conflicting types for 'num_to_seven_seg'
 char num_to_seven_seg(int num) {
      ^
hello_world_small.c:110:10: note: previous implicit declaration of 'num_to_seven_seg' was here
  *hex0 = num_to_seven_seg(++num0);
          ^
hello_world_small.c: In function 'main':
Makefile:775: recipe for target 'obj/default/hello_world_small.o' failed
hello_world_small.c:136:3: warning: implicit declaration of function 'alt_ic_isr_register' [-Wimplicit-function-declaration]
   alt_ic_isr_register (TIMER_0_IRQ_INTERRUPT_CONTROLLER_ID, TIMER_0_IRQ, timer_isr, 0,0);
   ^
make: *** [obj/default/hello_world_small.o] Error 1
18:56:53 **** Incremental Build of configuration Nios II for project alarm_code ****
make all 
Info: Building ../alarm_code_bsp/
make --no-print-directory -C ../alarm_code_bsp/
[BSP build complete]
Info: Compiling hello_world_small.c to obj/default/hello_world_small.o
nios2-elf-gcc -xc -MP -MMD -c -I../alarm_code_bsp//HAL/inc -I../alarm_code_bsp/ -I../alarm_code_bsp//drivers/inc  -pipe -D__hal__ -DALT_NO_C_PLUS_PLUS -DALT_NO_CLEAN_EXIT -D'exit(a)=_exit(a)' -DALT_NO_EXIT -DALT_USE_DIRECT_DRIVERS -DALT_NO_INSTRUCTION_EMULATION -DALT_USE_SMALL_DRIVERS -DSMALL_C_LIB -DALT_SINGLE_THREADED    -Os -g -Wall   -mno-hw-div -mno-hw-mul -mno-hw-mulx -mgpopt=global  -o obj/default/hello_world_small.o hello_world_small.c
hello_world_small.c: In function 'timer_isr':
hello_world_small.c:110:10: warning: implicit declaration of function 'num_to_seven_seg' [-Wimplicit-function-declaration]
  *hex0 = num_to_seven_seg(++num0);
          ^
hello_world_small.c: At top level:
hello_world_small.c:113:6: error: conflicting types for 'num_to_seven_seg'
 char num_to_seven_seg(int num) {
      ^
hello_world_small.c:110:10: note: previous implicit declaration of 'num_to_seven_seg' was here
  *hex0 = num_to_seven_seg(++num0);
          ^
hello_world_small.c: In function 'main':
hello_world_small.c:136:3: warning: implicit declaration of function 'alt_ic_isr_register' [-Wimplicit-function-declaration]
   alt_ic_isr_register (TIMER_0_IRQ_INTERRUPT_CONTROLLER_ID, TIMER_0_IRQ, timer_isr, 0,0);
   ^
make: *** [obj/default/hello_world_small.o] Error 1
Makefile:775: recipe for target 'obj/default/hello_world_small.o' failed
18:57:00 **** Incremental Build of configuration Nios II for project alarm_code ****
make all 
Info: Building ../alarm_code_bsp/
make --no-print-directory -C ../alarm_code_bsp/
[BSP build complete]
Info: Compiling hello_world_small.c to obj/default/hello_world_small.o
nios2-elf-gcc -xc -MP -MMD -c -I../alarm_code_bsp//HAL/inc -I../alarm_code_bsp/ -I../alarm_code_bsp//drivers/inc  -pipe -D__hal__ -DALT_NO_C_PLUS_PLUS -DALT_NO_CLEAN_EXIT -D'exit(a)=_exit(a)' -DALT_NO_EXIT -DALT_USE_DIRECT_DRIVERS -DALT_NO_INSTRUCTION_EMULATION -DALT_USE_SMALL_DRIVERS -DSMALL_C_LIB -DALT_SINGLE_THREADED    -Os -g -Wall   -mno-hw-div -mno-hw-mul -mno-hw-mulx -mgpopt=global  -o obj/default/hello_world_small.o hello_world_small.c
hello_world_small.c: In function 'timer_isr':
hello_world_small.c:110:10: warning: implicit declaration of function 'num_to_seven_seg' [-Wimplicit-function-declaration]
  *hex0 = num_to_seven_seg(++num0);
          ^
hello_world_small.c: At top level:
hello_world_small.c:113:6: error: conflicting types for 'num_to_seven_seg'
 char num_to_seven_seg(int num) {
      ^
hello_world_small.c:110:10: note: previous implicit declaration of 'num_to_seven_seg' was here
Makefile:775: recipe for target 'obj/default/hello_world_small.o' failed
  *hex0 = num_to_seven_seg(++num0);
          ^
hello_world_small.c: In function 'main':
hello_world_small.c:136:3: warning: implicit declaration of function 'alt_ic_isr_register' [-Wimplicit-function-declaration]
   alt_ic_isr_register (TIMER_0_IRQ_INTERRUPT_CONTROLLER_ID, TIMER_0_IRQ, timer_isr, 0,0);
   ^
make: *** [obj/default/hello_world_small.o] Error 1
18:57:53 **** Incremental Build of configuration Nios II for project alarm_code ****
make all 
Info: Building ../alarm_code_bsp/
make --no-print-directory -C ../alarm_code_bsp/
[BSP build complete]
Info: Compiling hello_world_small.c to obj/default/hello_world_small.o
nios2-elf-gcc -xc -MP -MMD -c -I../alarm_code_bsp//HAL/inc -I../alarm_code_bsp/ -I../alarm_code_bsp//drivers/inc  -pipe -D__hal__ -DALT_NO_C_PLUS_PLUS -DALT_NO_CLEAN_EXIT -D'exit(a)=_exit(a)' -DALT_NO_EXIT -DALT_USE_DIRECT_DRIVERS -DALT_NO_INSTRUCTION_EMULATION -DALT_USE_SMALL_DRIVERS -DSMALL_C_LIB -DALT_SINGLE_THREADED    -Os -g -Wall   -mno-hw-div -mno-hw-mul -mno-hw-mulx -mgpopt=global  -o obj/default/hello_world_small.o hello_world_small.c
hello_world_small.c:83:45: fatal error: altera/altera_Avalon_timer_regs.h: No such file or directory
compilation terminated.
Makefile:775: recipe for target 'obj/default/hello_world_small.o' failed
make: *** [obj/default/hello_world_small.o] Error 1
18:58:30 **** Incremental Build of configuration Nios II for project alarm_code ****
make all 
Info: Building ../alarm_code_bsp/
make --no-print-directory -C ../alarm_code_bsp/
[BSP build complete]
Info: Compiling hello_world_small.c to obj/default/hello_world_small.o
nios2-elf-gcc -xc -MP -MMD -c -I../alarm_code_bsp//HAL/inc -I../alarm_code_bsp/ -I../alarm_code_bsp//drivers/inc  -pipe -D__hal__ -DALT_NO_C_PLUS_PLUS -DALT_NO_CLEAN_EXIT -D'exit(a)=_exit(a)' -DALT_NO_EXIT -DALT_USE_DIRECT_DRIVERS -DALT_NO_INSTRUCTION_EMULATION -DALT_USE_SMALL_DRIVERS -DSMALL_C_LIB -DALT_SINGLE_THREADED    -Os -g -Wall   -mno-hw-div -mno-hw-mul -mno-hw-mulx -mgpopt=global  -o obj/default/hello_world_small.o hello_world_small.c
hello_world_small.c:83:38: fatal error: altera_Avalon_timer_regs.h: No such file or directory
compilation terminated.
Makefile:775: recipe for target 'obj/default/hello_world_small.o' failed
make: *** [obj/default/hello_world_small.o] Error 1
18:58:51 **** Incremental Build of configuration Nios II for project alarm_code ****
make all 
Info: Building ../alarm_code_bsp/
make --no-print-directory -C ../alarm_code_bsp/
[BSP build complete]
Info: Compiling hello_world_small.c to obj/default/hello_world_small.o
nios2-elf-gcc -xc -MP -MMD -c -I../alarm_code_bsp//HAL/inc -I../alarm_code_bsp/ -I../alarm_code_bsp//drivers/inc  -pipe -D__hal__ -DALT_NO_C_PLUS_PLUS -DALT_NO_CLEAN_EXIT -D'exit(a)=_exit(a)' -DALT_NO_EXIT -DALT_USE_DIRECT_DRIVERS -DALT_NO_INSTRUCTION_EMULATION -DALT_USE_SMALL_DRIVERS -DSMALL_C_LIB -DALT_SINGLE_THREADED    -Os -g -Wall   -mno-hw-div -mno-hw-mul -mno-hw-mulx -mgpopt=global  -o obj/default/hello_world_small.o hello_world_small.c
hello_world_small.c: In function 'timer_isr':
hello_world_small.c:111:10: warning: implicit declaration of function 'num_to_seven_seg' [-Wimplicit-function-declaration]
  *hex0 = num_to_seven_seg(++num0);
          ^
hello_world_small.c: At top level:
hello_world_small.c:114:6: error: conflicting types for 'num_to_seven_seg'
 char num_to_seven_seg(int num) {
      ^
hello_world_small.c:111:10: note: previous implicit declaration of 'num_to_seven_seg' was here
  *hex0 = num_to_seven_seg(++num0);
          ^
hello_world_small.c: In function 'main':
hello_world_small.c:137:3: warning: implicit declaration of function 'alt_ic_isr_register' [-Wimplicit-function-declaration]
   alt_ic_isr_register (TIMER_0_IRQ_INTERRUPT_CONTROLLER_ID, TIMER_0_IRQ, timer_isr, 0,0);
Makefile:775: recipe for target 'obj/default/hello_world_small.o' failed
   ^
make: *** [obj/default/hello_world_small.o] Error 1
18:59:05 **** Incremental Build of configuration Nios II for project alarm_code ****
make all 
Info: Building ../alarm_code_bsp/
make --no-print-directory -C ../alarm_code_bsp/
[BSP build complete]
Info: Compiling hello_world_small.c to obj/default/hello_world_small.o
nios2-elf-gcc -xc -MP -MMD -c -I../alarm_code_bsp//HAL/inc -I../alarm_code_bsp/ -I../alarm_code_bsp//drivers/inc  -pipe -D__hal__ -DALT_NO_C_PLUS_PLUS -DALT_NO_CLEAN_EXIT -D'exit(a)=_exit(a)' -DALT_NO_EXIT -DALT_USE_DIRECT_DRIVERS -DALT_NO_INSTRUCTION_EMULATION -DALT_USE_SMALL_DRIVERS -DSMALL_C_LIB -DALT_SINGLE_THREADED    -Os -g -Wall   -mno-hw-div -mno-hw-mul -mno-hw-mulx -mgpopt=global  -o obj/default/hello_world_small.o hello_world_small.c
hello_world_small.c: In function 'timer_isr':
hello_world_small.c:111:10: warning: implicit declaration of function 'num_to_seven_seg' [-Wimplicit-function-declaration]
  *hex0 = num_to_seven_seg(++num0);
          ^
hello_world_small.c: At top level:
hello_world_small.c:114:6: error: conflicting types for 'num_to_seven_seg'
 char num_to_seven_seg(int num) {
      ^
hello_world_small.c:111:10: note: previous implicit declaration of 'num_to_seven_seg' was here
Makefile:775: recipe for target 'obj/default/hello_world_small.o' failed
  *hex0 = num_to_seven_seg(++num0);
          ^
hello_world_small.c: In function 'main':
hello_world_small.c:137:3: warning: implicit declaration of function 'alt_ic_isr_register' [-Wimplicit-function-declaration]
   alt_ic_isr_register (TIMER_0_IRQ_INTERRUPT_CONTROLLER_ID, TIMER_0_IRQ, timer_isr, 0,0);
   ^
make: *** [obj/default/hello_world_small.o] Error 1
19:00:41 **** Incremental Build of configuration Nios II for project alarm_code ****
make all 
Info: Building ../alarm_code_bsp/
make --no-print-directory -C ../alarm_code_bsp/
[BSP build complete]
Info: Compiling hello_world_small.c to obj/default/hello_world_small.o
nios2-elf-gcc -xc -MP -MMD -c -I../alarm_code_bsp//HAL/inc -I../alarm_code_bsp/ -I../alarm_code_bsp//drivers/inc  -pipe -D__hal__ -DALT_NO_C_PLUS_PLUS -DALT_NO_CLEAN_EXIT -D'exit(a)=_exit(a)' -DALT_NO_EXIT -DALT_USE_DIRECT_DRIVERS -DALT_NO_INSTRUCTION_EMULATION -DALT_USE_SMALL_DRIVERS -DSMALL_C_LIB -DALT_SINGLE_THREADED    -Os -g -Wall   -mno-hw-div -mno-hw-mul -mno-hw-mulx -mgpopt=global  -o obj/default/hello_world_small.o hello_world_small.c
hello_world_small.c: In function 'main':
hello_world_small.c:137:3: warning: implicit declaration of function 'alt_ic_isr_register' [-Wimplicit-function-declaration]
   alt_ic_isr_register (TIMER_0_IRQ_INTERRUPT_CONTROLLER_ID, TIMER_0_IRQ, timer_isr, 0,0);
   ^
Info: Linking alarm_code.elf
nios2-elf-g++  -T'../alarm_code_bsp//linker.x' -msys-crt0='../alarm_code_bsp//obj/HAL/src/crt0.o' -msys-lib=hal_bsp -L../alarm_code_bsp/  -msmallc  -Wl,-Map=alarm_code.map   -Os -g -Wall   -mno-hw-div -mno-hw-mul -mno-hw-mulx -mgpopt=global  -o alarm_code.elf obj/default/hello_world_small.o -lm -msys-lib=m
nios2-elf-insert alarm_code.elf --thread_model hal --cpu_name nios2_gen2_0 --qsys true --simulation_enabled false --stderr_dev jtag_uart_0 --stdin_dev jtag_uart_0 --stdout_dev jtag_uart_0 --sopc_system_name alarm_qsys --quartus_project_dir "/home/oscarjosueulatealpizar/Proyect-2" --jdi ../..//output_files/alarm_qsys.jdi --sopcinfo /home/oscarjosueulatealpizar/Proyect-2/software/alarm_code_bsp/../../alarm_qsys.sopcinfo
Info: (alarm_code.elf) 1908 Bytes program size (code + initialized data).
Info:                  2164 Bytes free for stack + heap.
Info: Creating alarm_code.objdump
nios2-elf-objdump --disassemble --syms --all-header --source alarm_code.elf >alarm_code.objdump
[alarm_code build complete]
19:00:48 **** Incremental Build of configuration Nios II for project alarm_code ****
make all 
Info: Building ../alarm_code_bsp/
make --no-print-directory -C ../alarm_code_bsp/
[BSP build complete]
[alarm_code build complete]
19:01:12 **** Incremental Build of configuration Nios II for project alarm_code ****
make all 
Info: Building ../alarm_code_bsp/
make --no-print-directory -C ../alarm_code_bsp/
[BSP build complete]
[alarm_code build complete]
